{
  "/Users/carloscastaneda/Develop/Brand-Projects/carloscndev-frontend/src/i18n/ui.json": {
    "path": "/Users/carloscastaneda/Develop/Brand-Projects/carloscndev-frontend/src/i18n/ui.json",
    "statementMap": {},
    "fnMap": {},
    "branchMap": {},
    "s": {},
    "f": {},
    "b": {},
    "meta": {
      "lastBranch": 0,
      "lastFunction": 0,
      "lastStatement": 0,
      "seen": {}
    }
  },
  "/Users/carloscastaneda/Develop/Brand-Projects/carloscndev-frontend/src/utils/404.ts": {
    "path": "/Users/carloscastaneda/Develop/Brand-Projects/carloscndev-frontend/src/utils/404.ts",
    "statementMap": {
      "0": {
        "start": { "line": 19, "column": 2 },
        "end": { "line": 19, "column": null }
      },
      "1": {
        "start": { "line": 19, "column": 39 },
        "end": { "line": 19, "column": null }
      },
      "2": {
        "start": { "line": 21, "column": 17 },
        "end": { "line": 21, "column": null }
      },
      "3": {
        "start": { "line": 22, "column": 2 },
        "end": { "line": 22, "column": null }
      },
      "4": {
        "start": { "line": 22, "column": 28 },
        "end": { "line": 22, "column": null }
      },
      "5": {
        "start": { "line": 24, "column": 31 },
        "end": { "line": 24, "column": null }
      },
      "6": {
        "start": { "line": 25, "column": 15 },
        "end": { "line": 25, "column": null }
      },
      "7": {
        "start": { "line": 26, "column": 2 },
        "end": { "line": 26, "column": null }
      },
      "8": {
        "start": { "line": 26, "column": 13 },
        "end": { "line": 26, "column": null }
      },
      "9": {
        "start": { "line": 28, "column": 18 },
        "end": { "line": 28, "column": null }
      },
      "10": {
        "start": { "line": 29, "column": 20 },
        "end": { "line": 29, "column": null }
      },
      "11": {
        "start": { "line": 30, "column": 19 },
        "end": { "line": 30, "column": null }
      },
      "12": {
        "start": { "line": 32, "column": 2 },
        "end": { "line": 32, "column": null }
      },
      "13": {
        "start": { "line": 32, "column": 15 },
        "end": { "line": 32, "column": null }
      },
      "14": {
        "start": { "line": 33, "column": 2 },
        "end": { "line": 33, "column": null }
      },
      "15": {
        "start": { "line": 33, "column": 17 },
        "end": { "line": 33, "column": null }
      },
      "16": {
        "start": { "line": 34, "column": 2 },
        "end": { "line": 37, "column": null }
      },
      "17": {
        "start": { "line": 35, "column": 17 },
        "end": { "line": 35, "column": null }
      },
      "18": {
        "start": { "line": 36, "column": 4 },
        "end": { "line": 36, "column": null }
      },
      "19": {
        "start": { "line": 36, "column": 14 },
        "end": { "line": 36, "column": null }
      },
      "20": {
        "start": { "line": 41, "column": 2 },
        "end": { "line": 41, "column": null }
      }
    },
    "fnMap": {
      "0": {
        "name": "update404Content",
        "decl": {
          "start": { "line": 18, "column": 16 },
          "end": { "line": 18, "column": 33 }
        },
        "loc": {
          "start": { "line": 18, "column": 53 },
          "end": { "line": 38, "column": null }
        },
        "line": 18
      },
      "1": {
        "name": "init404LangSwitch",
        "decl": {
          "start": { "line": 40, "column": 16 },
          "end": { "line": 40, "column": 42 }
        },
        "loc": {
          "start": { "line": 40, "column": 42 },
          "end": { "line": 42, "column": null }
        },
        "line": 40
      }
    },
    "branchMap": {
      "0": {
        "loc": {
          "start": { "line": 19, "column": 2 },
          "end": { "line": 19, "column": null }
        },
        "type": "if",
        "locations": [
          {
            "start": { "line": 19, "column": 2 },
            "end": { "line": 19, "column": null }
          },
          { "start": {}, "end": {} }
        ],
        "line": 19
      },
      "1": {
        "loc": {
          "start": { "line": 22, "column": 2 },
          "end": { "line": 22, "column": null }
        },
        "type": "if",
        "locations": [
          {
            "start": { "line": 22, "column": 2 },
            "end": { "line": 22, "column": null }
          },
          { "start": {}, "end": {} }
        ],
        "line": 22
      },
      "2": {
        "loc": {
          "start": { "line": 26, "column": 2 },
          "end": { "line": 26, "column": null }
        },
        "type": "if",
        "locations": [
          {
            "start": { "line": 26, "column": 2 },
            "end": { "line": 26, "column": null }
          },
          { "start": {}, "end": {} }
        ],
        "line": 26
      },
      "3": {
        "loc": {
          "start": { "line": 32, "column": 2 },
          "end": { "line": 32, "column": null }
        },
        "type": "if",
        "locations": [
          {
            "start": { "line": 32, "column": 2 },
            "end": { "line": 32, "column": null }
          },
          { "start": {}, "end": {} }
        ],
        "line": 32
      },
      "4": {
        "loc": {
          "start": { "line": 33, "column": 2 },
          "end": { "line": 33, "column": null }
        },
        "type": "if",
        "locations": [
          {
            "start": { "line": 33, "column": 2 },
            "end": { "line": 33, "column": null }
          },
          { "start": {}, "end": {} }
        ],
        "line": 33
      },
      "5": {
        "loc": {
          "start": { "line": 34, "column": 2 },
          "end": { "line": 37, "column": null }
        },
        "type": "if",
        "locations": [
          {
            "start": { "line": 34, "column": 2 },
            "end": { "line": 37, "column": null }
          },
          { "start": {}, "end": {} }
        ],
        "line": 34
      },
      "6": {
        "loc": {
          "start": { "line": 36, "column": 4 },
          "end": { "line": 36, "column": null }
        },
        "type": "if",
        "locations": [
          {
            "start": { "line": 36, "column": 4 },
            "end": { "line": 36, "column": null }
          },
          { "start": {}, "end": {} }
        ],
        "line": 36
      }
    },
    "s": {
      "0": 1,
      "1": 0,
      "2": 1,
      "3": 1,
      "4": 0,
      "5": 1,
      "6": 1,
      "7": 1,
      "8": 0,
      "9": 1,
      "10": 1,
      "11": 1,
      "12": 1,
      "13": 1,
      "14": 1,
      "15": 1,
      "16": 1,
      "17": 1,
      "18": 1,
      "19": 1,
      "20": 0
    },
    "f": { "0": 1, "1": 0 },
    "b": {
      "0": [0, 1],
      "1": [0, 1],
      "2": [0, 1],
      "3": [1, 0],
      "4": [1, 0],
      "5": [1, 0],
      "6": [1, 0]
    },
    "meta": {
      "lastBranch": 7,
      "lastFunction": 2,
      "lastStatement": 21,
      "seen": {
        "f:18:16:18:33": 0,
        "b:19:2:19:Infinity:undefined:undefined:undefined:undefined": 0,
        "s:19:2:19:Infinity": 0,
        "s:19:39:19:Infinity": 1,
        "s:21:17:21:Infinity": 2,
        "b:22:2:22:Infinity:undefined:undefined:undefined:undefined": 1,
        "s:22:2:22:Infinity": 3,
        "s:22:28:22:Infinity": 4,
        "s:24:31:24:Infinity": 5,
        "s:25:15:25:Infinity": 6,
        "b:26:2:26:Infinity:undefined:undefined:undefined:undefined": 2,
        "s:26:2:26:Infinity": 7,
        "s:26:13:26:Infinity": 8,
        "s:28:18:28:Infinity": 9,
        "s:29:20:29:Infinity": 10,
        "s:30:19:30:Infinity": 11,
        "b:32:2:32:Infinity:undefined:undefined:undefined:undefined": 3,
        "s:32:2:32:Infinity": 12,
        "s:32:15:32:Infinity": 13,
        "b:33:2:33:Infinity:undefined:undefined:undefined:undefined": 4,
        "s:33:2:33:Infinity": 14,
        "s:33:17:33:Infinity": 15,
        "b:34:2:37:Infinity:undefined:undefined:undefined:undefined": 5,
        "s:34:2:37:Infinity": 16,
        "s:35:17:35:Infinity": 17,
        "b:36:4:36:Infinity:undefined:undefined:undefined:undefined": 6,
        "s:36:4:36:Infinity": 18,
        "s:36:14:36:Infinity": 19,
        "f:40:16:40:42": 1,
        "s:41:2:41:Infinity": 20
      }
    }
  },
  "/Users/carloscastaneda/Develop/Brand-Projects/carloscndev-frontend/src/utils/about.ts": {
    "path": "/Users/carloscastaneda/Develop/Brand-Projects/carloscndev-frontend/src/utils/about.ts",
    "statementMap": {
      "0": {
        "start": { "line": 23, "column": 2 },
        "end": { "line": 23, "column": null }
      },
      "1": {
        "start": { "line": 23, "column": 39 },
        "end": { "line": 23, "column": null }
      },
      "2": {
        "start": { "line": 25, "column": 17 },
        "end": { "line": 25, "column": null }
      },
      "3": {
        "start": { "line": 26, "column": 2 },
        "end": { "line": 26, "column": null }
      },
      "4": {
        "start": { "line": 26, "column": 28 },
        "end": { "line": 26, "column": null }
      },
      "5": {
        "start": { "line": 28, "column": 37 },
        "end": { "line": 28, "column": null }
      },
      "6": {
        "start": { "line": 29, "column": 15 },
        "end": { "line": 29, "column": null }
      },
      "7": {
        "start": { "line": 30, "column": 2 },
        "end": { "line": 30, "column": null }
      },
      "8": {
        "start": { "line": 30, "column": 13 },
        "end": { "line": 30, "column": null }
      },
      "9": {
        "start": { "line": 32, "column": 18 },
        "end": { "line": 32, "column": null }
      },
      "10": {
        "start": { "line": 33, "column": 2 },
        "end": { "line": 33, "column": null }
      },
      "11": {
        "start": { "line": 33, "column": 15 },
        "end": { "line": 33, "column": null }
      },
      "12": {
        "start": { "line": 35, "column": 20 },
        "end": { "line": 35, "column": null }
      },
      "13": {
        "start": { "line": 36, "column": 2 },
        "end": { "line": 36, "column": null }
      },
      "14": {
        "start": { "line": 36, "column": 17 },
        "end": { "line": 36, "column": null }
      },
      "15": {
        "start": { "line": 39, "column": 4 },
        "end": { "line": 39, "column": null }
      },
      "16": {
        "start": { "line": 40, "column": 19 },
        "end": { "line": 42, "column": null }
      },
      "17": {
        "start": { "line": 44, "column": 2 },
        "end": { "line": 53, "column": null }
      },
      "18": {
        "start": { "line": 45, "column": 4 },
        "end": { "line": 45, "column": null }
      },
      "19": {
        "start": { "line": 47, "column": 4 },
        "end": { "line": 52, "column": null }
      },
      "20": {
        "start": { "line": 48, "column": 20 },
        "end": { "line": 48, "column": null }
      },
      "21": {
        "start": { "line": 49, "column": 23 },
        "end": { "line": 49, "column": null }
      },
      "22": {
        "start": { "line": 50, "column": 6 },
        "end": { "line": 50, "column": null }
      },
      "23": {
        "start": { "line": 50, "column": 20 },
        "end": { "line": 50, "column": null }
      },
      "24": {
        "start": { "line": 51, "column": 6 },
        "end": { "line": 51, "column": null }
      },
      "25": {
        "start": { "line": 55, "column": 20 },
        "end": { "line": 55, "column": null }
      },
      "26": {
        "start": { "line": 56, "column": 2 },
        "end": { "line": 58, "column": null }
      },
      "27": {
        "start": { "line": 57, "column": 4 },
        "end": { "line": 57, "column": null }
      },
      "28": {
        "start": { "line": 62, "column": 2 },
        "end": { "line": 62, "column": null }
      }
    },
    "fnMap": {
      "0": {
        "name": "updateAboutContent",
        "decl": {
          "start": { "line": 22, "column": 16 },
          "end": { "line": 22, "column": 35 }
        },
        "loc": {
          "start": { "line": 22, "column": 53 },
          "end": { "line": 59, "column": null }
        },
        "line": 22
      },
      "1": {
        "name": "(anonymous_1)",
        "decl": {
          "start": { "line": 47, "column": 30 },
          "end": { "line": 47, "column": 31 }
        },
        "loc": {
          "start": { "line": 47, "column": 40 },
          "end": { "line": 52, "column": 5 }
        },
        "line": 47
      },
      "2": {
        "name": "initAboutLangSwitch",
        "decl": {
          "start": { "line": 61, "column": 16 },
          "end": { "line": 61, "column": 44 }
        },
        "loc": {
          "start": { "line": 61, "column": 44 },
          "end": { "line": 63, "column": null }
        },
        "line": 61
      }
    },
    "branchMap": {
      "0": {
        "loc": {
          "start": { "line": 23, "column": 2 },
          "end": { "line": 23, "column": null }
        },
        "type": "if",
        "locations": [
          {
            "start": { "line": 23, "column": 2 },
            "end": { "line": 23, "column": null }
          },
          { "start": {}, "end": {} }
        ],
        "line": 23
      },
      "1": {
        "loc": {
          "start": { "line": 26, "column": 2 },
          "end": { "line": 26, "column": null }
        },
        "type": "if",
        "locations": [
          {
            "start": { "line": 26, "column": 2 },
            "end": { "line": 26, "column": null }
          },
          { "start": {}, "end": {} }
        ],
        "line": 26
      },
      "2": {
        "loc": {
          "start": { "line": 30, "column": 2 },
          "end": { "line": 30, "column": null }
        },
        "type": "if",
        "locations": [
          {
            "start": { "line": 30, "column": 2 },
            "end": { "line": 30, "column": null }
          },
          { "start": {}, "end": {} }
        ],
        "line": 30
      },
      "3": {
        "loc": {
          "start": { "line": 33, "column": 2 },
          "end": { "line": 33, "column": null }
        },
        "type": "if",
        "locations": [
          {
            "start": { "line": 33, "column": 2 },
            "end": { "line": 33, "column": null }
          },
          { "start": {}, "end": {} }
        ],
        "line": 33
      },
      "4": {
        "loc": {
          "start": { "line": 36, "column": 2 },
          "end": { "line": 36, "column": null }
        },
        "type": "if",
        "locations": [
          {
            "start": { "line": 36, "column": 2 },
            "end": { "line": 36, "column": null }
          },
          { "start": {}, "end": {} }
        ],
        "line": 36
      },
      "5": {
        "loc": {
          "start": { "line": 44, "column": 2 },
          "end": { "line": 53, "column": null }
        },
        "type": "if",
        "locations": [
          {
            "start": { "line": 44, "column": 2 },
            "end": { "line": 53, "column": null }
          },
          { "start": {}, "end": {} }
        ],
        "line": 44
      },
      "6": {
        "loc": {
          "start": { "line": 44, "column": 6 },
          "end": { "line": 44, "column": 54 }
        },
        "type": "binary-expr",
        "locations": [
          {
            "start": { "line": 44, "column": 6 },
            "end": { "line": 44, "column": 23 }
          },
          {
            "start": { "line": 44, "column": 23 },
            "end": { "line": 44, "column": 35 }
          },
          {
            "start": { "line": 44, "column": 35 },
            "end": { "line": 44, "column": 54 }
          }
        ],
        "line": 44
      },
      "7": {
        "loc": {
          "start": { "line": 50, "column": 6 },
          "end": { "line": 50, "column": null }
        },
        "type": "if",
        "locations": [
          {
            "start": { "line": 50, "column": 6 },
            "end": { "line": 50, "column": null }
          },
          { "start": {}, "end": {} }
        ],
        "line": 50
      },
      "8": {
        "loc": {
          "start": { "line": 56, "column": 2 },
          "end": { "line": 58, "column": null }
        },
        "type": "if",
        "locations": [
          {
            "start": { "line": 56, "column": 2 },
            "end": { "line": 58, "column": null }
          },
          { "start": {}, "end": {} }
        ],
        "line": 56
      },
      "9": {
        "loc": {
          "start": { "line": 56, "column": 6 },
          "end": { "line": 56, "column": 36 }
        },
        "type": "binary-expr",
        "locations": [
          {
            "start": { "line": 56, "column": 6 },
            "end": { "line": 56, "column": 19 }
          },
          {
            "start": { "line": 56, "column": 19 },
            "end": { "line": 56, "column": 36 }
          }
        ],
        "line": 56
      }
    },
    "s": {
      "0": 1,
      "1": 0,
      "2": 1,
      "3": 1,
      "4": 0,
      "5": 1,
      "6": 1,
      "7": 1,
      "8": 0,
      "9": 1,
      "10": 1,
      "11": 1,
      "12": 1,
      "13": 1,
      "14": 1,
      "15": 1,
      "16": 1,
      "17": 1,
      "18": 1,
      "19": 1,
      "20": 1,
      "21": 1,
      "22": 1,
      "23": 1,
      "24": 1,
      "25": 1,
      "26": 1,
      "27": 0,
      "28": 0
    },
    "f": { "0": 1, "1": 1, "2": 0 },
    "b": {
      "0": [0, 1],
      "1": [0, 1],
      "2": [0, 1],
      "3": [1, 0],
      "4": [1, 0],
      "5": [1, 0],
      "6": [1, 1, 1],
      "7": [1, 0],
      "8": [0, 1],
      "9": [1, 0]
    },
    "meta": {
      "lastBranch": 10,
      "lastFunction": 3,
      "lastStatement": 29,
      "seen": {
        "f:22:16:22:35": 0,
        "b:23:2:23:Infinity:undefined:undefined:undefined:undefined": 0,
        "s:23:2:23:Infinity": 0,
        "s:23:39:23:Infinity": 1,
        "s:25:17:25:Infinity": 2,
        "b:26:2:26:Infinity:undefined:undefined:undefined:undefined": 1,
        "s:26:2:26:Infinity": 3,
        "s:26:28:26:Infinity": 4,
        "s:28:37:28:Infinity": 5,
        "s:29:15:29:Infinity": 6,
        "b:30:2:30:Infinity:undefined:undefined:undefined:undefined": 2,
        "s:30:2:30:Infinity": 7,
        "s:30:13:30:Infinity": 8,
        "s:32:18:32:Infinity": 9,
        "b:33:2:33:Infinity:undefined:undefined:undefined:undefined": 3,
        "s:33:2:33:Infinity": 10,
        "s:33:15:33:Infinity": 11,
        "s:35:20:35:Infinity": 12,
        "b:36:2:36:Infinity:undefined:undefined:undefined:undefined": 4,
        "s:36:2:36:Infinity": 13,
        "s:36:17:36:Infinity": 14,
        "s:39:4:39:Infinity": 15,
        "s:40:19:42:Infinity": 16,
        "b:44:2:53:Infinity:undefined:undefined:undefined:undefined": 5,
        "s:44:2:53:Infinity": 17,
        "b:44:6:44:23:44:23:44:35:44:35:44:54": 6,
        "s:45:4:45:Infinity": 18,
        "s:47:4:52:Infinity": 19,
        "f:47:30:47:31": 1,
        "s:48:20:48:Infinity": 20,
        "s:49:23:49:Infinity": 21,
        "b:50:6:50:Infinity:undefined:undefined:undefined:undefined": 7,
        "s:50:6:50:Infinity": 22,
        "s:50:20:50:Infinity": 23,
        "s:51:6:51:Infinity": 24,
        "s:55:20:55:Infinity": 25,
        "b:56:2:58:Infinity:undefined:undefined:undefined:undefined": 8,
        "s:56:2:58:Infinity": 26,
        "b:56:6:56:19:56:19:56:36": 9,
        "s:57:4:57:Infinity": 27,
        "f:61:16:61:44": 2,
        "s:62:2:62:Infinity": 28
      }
    }
  },
  "/Users/carloscastaneda/Develop/Brand-Projects/carloscndev-frontend/src/utils/anchor-routing.ts": {
    "path": "/Users/carloscastaneda/Develop/Brand-Projects/carloscndev-frontend/src/utils/anchor-routing.ts",
    "statementMap": {
      "0": {
        "start": { "line": 12, "column": 2 },
        "end": { "line": 12, "column": null }
      },
      "1": {
        "start": { "line": 12, "column": 39 },
        "end": { "line": 12, "column": null }
      },
      "2": {
        "start": { "line": 14, "column": 20 },
        "end": { "line": 14, "column": null }
      },
      "3": {
        "start": { "line": 16, "column": 2 },
        "end": { "line": 23, "column": null }
      },
      "4": {
        "start": { "line": 17, "column": 24 },
        "end": { "line": 17, "column": null }
      },
      "5": {
        "start": { "line": 18, "column": 4 },
        "end": { "line": 20, "column": null }
      },
      "6": {
        "start": { "line": 19, "column": 6 },
        "end": { "line": 19, "column": null }
      },
      "7": {
        "start": { "line": 21, "column": 4 },
        "end": { "line": 21, "column": null }
      },
      "8": {
        "start": { "line": 22, "column": 4 },
        "end": { "line": 22, "column": null }
      },
      "9": {
        "start": { "line": 25, "column": 18 },
        "end": { "line": 25, "column": null }
      },
      "10": {
        "start": { "line": 26, "column": 2 },
        "end": { "line": 51, "column": null }
      },
      "11": {
        "start": { "line": 27, "column": 22 },
        "end": { "line": 27, "column": null }
      },
      "12": {
        "start": { "line": 28, "column": 4 },
        "end": { "line": 35, "column": null }
      },
      "13": {
        "start": { "line": 29, "column": 21 },
        "end": { "line": 29, "column": null }
      },
      "14": {
        "start": { "line": 30, "column": 23 },
        "end": { "line": 30, "column": null }
      },
      "15": {
        "start": { "line": 31, "column": 26 },
        "end": { "line": 31, "column": null }
      },
      "16": {
        "start": { "line": 33, "column": 8 },
        "end": { "line": 33, "column": null }
      },
      "17": {
        "start": { "line": 34, "column": 6 },
        "end": { "line": 34, "column": null }
      },
      "18": {
        "start": { "line": 36, "column": 4 },
        "end": { "line": 36, "column": null }
      },
      "19": {
        "start": { "line": 38, "column": 4 },
        "end": { "line": 50, "column": null }
      },
      "20": {
        "start": { "line": 39, "column": 6 },
        "end": { "line": 49, "column": null }
      },
      "21": {
        "start": { "line": 40, "column": 19 },
        "end": { "line": 40, "column": null }
      },
      "22": {
        "start": { "line": 41, "column": 21 },
        "end": { "line": 41, "column": null }
      },
      "23": {
        "start": { "line": 42, "column": 8 },
        "end": { "line": 48, "column": null }
      },
      "24": {
        "start": { "line": 43, "column": 20 },
        "end": { "line": 43, "column": null }
      },
      "25": {
        "start": { "line": 44, "column": 21 },
        "end": { "line": 44, "column": null }
      },
      "26": {
        "start": { "line": 45, "column": 21 },
        "end": { "line": 45, "column": null }
      },
      "27": {
        "start": { "line": 46, "column": 20 },
        "end": { "line": 46, "column": null }
      },
      "28": {
        "start": { "line": 47, "column": 10 },
        "end": { "line": 47, "column": null }
      },
      "29": {
        "start": { "line": 58, "column": 2 },
        "end": { "line": 58, "column": null }
      },
      "30": {
        "start": { "line": 58, "column": 39 },
        "end": { "line": 58, "column": null }
      },
      "31": {
        "start": { "line": 60, "column": 19 },
        "end": { "line": 62, "column": null }
      },
      "32": {
        "start": { "line": 64, "column": 2 },
        "end": { "line": 78, "column": null }
      },
      "33": {
        "start": { "line": 65, "column": 17 },
        "end": { "line": 65, "column": null }
      },
      "34": {
        "start": { "line": 67, "column": 6 },
        "end": { "line": 67, "column": null }
      },
      "35": {
        "start": { "line": 69, "column": 24 },
        "end": { "line": 71, "column": null }
      },
      "36": {
        "start": { "line": 73, "column": 4 },
        "end": { "line": 77, "column": null }
      },
      "37": {
        "start": { "line": 74, "column": 6 },
        "end": { "line": 74, "column": null }
      },
      "38": {
        "start": { "line": 76, "column": 6 },
        "end": { "line": 76, "column": null }
      },
      "39": {
        "start": { "line": 85, "column": 17 },
        "end": { "line": 85, "column": null }
      },
      "40": {
        "start": { "line": 86, "column": 2 },
        "end": { "line": 86, "column": null }
      },
      "41": {
        "start": { "line": 86, "column": 15 },
        "end": { "line": 86, "column": null }
      },
      "42": {
        "start": { "line": 88, "column": 15 },
        "end": { "line": 88, "column": null }
      },
      "43": {
        "start": { "line": 89, "column": 2 },
        "end": { "line": 89, "column": null }
      },
      "44": {
        "start": { "line": 89, "column": 13 },
        "end": { "line": 89, "column": null }
      },
      "45": {
        "start": { "line": 92, "column": 2 },
        "end": { "line": 105, "column": null }
      },
      "46": {
        "start": { "line": 93, "column": 4 },
        "end": { "line": 93, "column": null }
      },
      "47": {
        "start": { "line": 94, "column": 4 },
        "end": { "line": 99, "column": null }
      },
      "48": {
        "start": { "line": 95, "column": 6 },
        "end": { "line": 95, "column": null }
      },
      "49": {
        "start": { "line": 97, "column": 19 },
        "end": { "line": 97, "column": null }
      },
      "50": {
        "start": { "line": 98, "column": 6 },
        "end": { "line": 98, "column": null }
      },
      "51": {
        "start": { "line": 102, "column": 4 },
        "end": { "line": 104, "column": null }
      },
      "52": {
        "start": { "line": 103, "column": 6 },
        "end": { "line": 103, "column": null }
      },
      "53": {
        "start": { "line": 112, "column": 2 },
        "end": { "line": 112, "column": null }
      },
      "54": {
        "start": { "line": 112, "column": 39 },
        "end": { "line": 112, "column": null }
      },
      "55": {
        "start": { "line": 114, "column": 19 },
        "end": { "line": 114, "column": null }
      },
      "56": {
        "start": { "line": 115, "column": 2 },
        "end": { "line": 115, "column": null }
      },
      "57": {
        "start": { "line": 115, "column": 54 },
        "end": { "line": 115, "column": null }
      },
      "58": {
        "start": { "line": 117, "column": 20 },
        "end": { "line": 119, "column": null }
      },
      "59": {
        "start": { "line": 121, "column": 2 },
        "end": { "line": 124, "column": null }
      },
      "60": {
        "start": { "line": 122, "column": 4 },
        "end": { "line": 122, "column": null }
      },
      "61": {
        "start": { "line": 123, "column": 4 },
        "end": { "line": 123, "column": null }
      },
      "62": {
        "start": { "line": 138, "column": 2 },
        "end": { "line": 138, "column": null }
      },
      "63": {
        "start": { "line": 138, "column": 39 },
        "end": { "line": 138, "column": null }
      },
      "64": {
        "start": { "line": 140, "column": 2 },
        "end": { "line": 140, "column": null }
      },
      "65": {
        "start": { "line": 142, "column": 2 },
        "end": { "line": 151, "column": null }
      },
      "66": {
        "start": { "line": 143, "column": 4 },
        "end": { "line": 143, "column": null }
      },
      "67": {
        "start": { "line": 145, "column": 4 },
        "end": { "line": 150, "column": null }
      },
      "68": {
        "start": { "line": 146, "column": 23 },
        "end": { "line": 146, "column": null }
      },
      "69": {
        "start": { "line": 147, "column": 6 },
        "end": { "line": 147, "column": null }
      },
      "70": {
        "start": { "line": 147, "column": 58 },
        "end": { "line": 147, "column": null }
      },
      "71": {
        "start": { "line": 148, "column": 19 },
        "end": { "line": 148, "column": null }
      },
      "72": {
        "start": { "line": 149, "column": 6 },
        "end": { "line": 149, "column": null }
      },
      "73": {
        "start": { "line": 149, "column": 23 },
        "end": { "line": 149, "column": 50 }
      }
    },
    "fnMap": {
      "0": {
        "name": "scrollToHash",
        "decl": {
          "start": { "line": 11, "column": 16 },
          "end": { "line": 11, "column": 29 }
        },
        "loc": {
          "start": { "line": 11, "column": 49 },
          "end": { "line": 52, "column": null }
        },
        "line": 11
      },
      "1": {
        "name": "(anonymous_1)",
        "decl": {
          "start": { "line": 39, "column": 17 },
          "end": { "line": 39, "column": 23 }
        },
        "loc": {
          "start": { "line": 39, "column": 23 },
          "end": { "line": 49, "column": 9 }
        },
        "line": 39
      },
      "2": {
        "name": "updateActiveNavLink",
        "decl": {
          "start": { "line": 57, "column": 9 },
          "end": { "line": 57, "column": 29 }
        },
        "loc": {
          "start": { "line": 57, "column": 54 },
          "end": { "line": 79, "column": null }
        },
        "line": 57
      },
      "3": {
        "name": "(anonymous_3)",
        "decl": {
          "start": { "line": 64, "column": 19 },
          "end": { "line": 64, "column": 20 }
        },
        "loc": {
          "start": { "line": 64, "column": 29 },
          "end": { "line": 78, "column": 3 }
        },
        "line": 64
      },
      "4": {
        "name": "handleHashLinkClick",
        "decl": {
          "start": { "line": 84, "column": 9 },
          "end": { "line": 84, "column": 29 }
        },
        "loc": {
          "start": { "line": 84, "column": 49 },
          "end": { "line": 106, "column": null }
        },
        "line": 84
      },
      "5": {
        "name": "bindHashLinkListeners",
        "decl": {
          "start": { "line": 111, "column": 9 },
          "end": { "line": 111, "column": 39 }
        },
        "loc": {
          "start": { "line": 111, "column": 39 },
          "end": { "line": 125, "column": null }
        },
        "line": 111
      },
      "6": {
        "name": "(anonymous_6)",
        "decl": {
          "start": { "line": 121, "column": 20 },
          "end": { "line": 121, "column": 21 }
        },
        "loc": {
          "start": { "line": 121, "column": 30 },
          "end": { "line": 124, "column": 3 }
        },
        "line": 121
      },
      "7": {
        "name": "initAnchorRouting",
        "decl": {
          "start": { "line": 137, "column": 16 },
          "end": { "line": 137, "column": 42 }
        },
        "loc": {
          "start": { "line": 137, "column": 42 },
          "end": { "line": 152, "column": null }
        },
        "line": 137
      },
      "8": {
        "name": "(anonymous_8)",
        "decl": {
          "start": { "line": 142, "column": 47 },
          "end": { "line": 142, "column": 53 }
        },
        "loc": {
          "start": { "line": 142, "column": 53 },
          "end": { "line": 151, "column": 3 }
        },
        "line": 142
      },
      "9": {
        "name": "(anonymous_9)",
        "decl": {
          "start": { "line": 149, "column": 17 },
          "end": { "line": 149, "column": 23 }
        },
        "loc": {
          "start": { "line": 149, "column": 23 },
          "end": { "line": 149, "column": 50 }
        },
        "line": 149
      }
    },
    "branchMap": {
      "0": {
        "loc": {
          "start": { "line": 12, "column": 2 },
          "end": { "line": 12, "column": null }
        },
        "type": "if",
        "locations": [
          {
            "start": { "line": 12, "column": 2 },
            "end": { "line": 12, "column": null }
          },
          { "start": {}, "end": {} }
        ],
        "line": 12
      },
      "1": {
        "loc": {
          "start": { "line": 16, "column": 2 },
          "end": { "line": 23, "column": null }
        },
        "type": "if",
        "locations": [
          {
            "start": { "line": 16, "column": 2 },
            "end": { "line": 23, "column": null }
          },
          { "start": {}, "end": {} }
        ],
        "line": 16
      },
      "2": {
        "loc": {
          "start": { "line": 16, "column": 6 },
          "end": { "line": 16, "column": 39 }
        },
        "type": "binary-expr",
        "locations": [
          {
            "start": { "line": 16, "column": 6 },
            "end": { "line": 16, "column": 20 }
          },
          {
            "start": { "line": 16, "column": 20 },
            "end": { "line": 16, "column": 39 }
          }
        ],
        "line": 16
      },
      "3": {
        "loc": {
          "start": { "line": 18, "column": 4 },
          "end": { "line": 20, "column": null }
        },
        "type": "if",
        "locations": [
          {
            "start": { "line": 18, "column": 4 },
            "end": { "line": 20, "column": null }
          },
          { "start": {}, "end": {} }
        ],
        "line": 18
      },
      "4": {
        "loc": {
          "start": { "line": 26, "column": 2 },
          "end": { "line": 51, "column": null }
        },
        "type": "if",
        "locations": [
          {
            "start": { "line": 26, "column": 2 },
            "end": { "line": 51, "column": null }
          },
          { "start": {}, "end": {} }
        ],
        "line": 26
      },
      "5": {
        "loc": {
          "start": { "line": 28, "column": 4 },
          "end": { "line": 35, "column": null }
        },
        "type": "if",
        "locations": [
          {
            "start": { "line": 28, "column": 4 },
            "end": { "line": 35, "column": null }
          },
          { "start": {}, "end": {} }
        ],
        "line": 28
      },
      "6": {
        "loc": {
          "start": { "line": 38, "column": 4 },
          "end": { "line": 50, "column": null }
        },
        "type": "if",
        "locations": [
          {
            "start": { "line": 38, "column": 4 },
            "end": { "line": 50, "column": null }
          },
          { "start": {}, "end": {} }
        ],
        "line": 38
      },
      "7": {
        "loc": {
          "start": { "line": 42, "column": 8 },
          "end": { "line": 48, "column": null }
        },
        "type": "if",
        "locations": [
          {
            "start": { "line": 42, "column": 8 },
            "end": { "line": 48, "column": null }
          },
          { "start": {}, "end": {} }
        ],
        "line": 42
      },
      "8": {
        "loc": {
          "start": { "line": 42, "column": 12 },
          "end": { "line": 42, "column": 24 }
        },
        "type": "binary-expr",
        "locations": [
          {
            "start": { "line": 42, "column": 12 },
            "end": { "line": 42, "column": 18 }
          },
          {
            "start": { "line": 42, "column": 18 },
            "end": { "line": 42, "column": 24 }
          }
        ],
        "line": 42
      },
      "9": {
        "loc": {
          "start": { "line": 58, "column": 2 },
          "end": { "line": 58, "column": null }
        },
        "type": "if",
        "locations": [
          {
            "start": { "line": 58, "column": 2 },
            "end": { "line": 58, "column": null }
          },
          { "start": {}, "end": {} }
        ],
        "line": 58
      },
      "10": {
        "loc": {
          "start": { "line": 65, "column": 17 },
          "end": { "line": 65, "column": null }
        },
        "type": "binary-expr",
        "locations": [
          {
            "start": { "line": 65, "column": 17 },
            "end": { "line": 65, "column": 46 }
          },
          {
            "start": { "line": 65, "column": 46 },
            "end": { "line": 65, "column": null }
          }
        ],
        "line": 65
      },
      "11": {
        "loc": {
          "start": { "line": 67, "column": 6 },
          "end": { "line": 67, "column": null }
        },
        "type": "cond-expr",
        "locations": [
          {
            "start": { "line": 67, "column": 25 },
            "end": { "line": 67, "column": 40 }
          },
          {
            "start": { "line": 67, "column": 40 },
            "end": { "line": 67, "column": null }
          }
        ],
        "line": 67
      },
      "12": {
        "loc": {
          "start": { "line": 69, "column": 24 },
          "end": { "line": 71, "column": null }
        },
        "type": "cond-expr",
        "locations": [
          {
            "start": { "line": 70, "column": 8 },
            "end": { "line": 70, "column": null }
          },
          {
            "start": { "line": 71, "column": 8 },
            "end": { "line": 71, "column": null }
          }
        ],
        "line": 69
      },
      "13": {
        "loc": {
          "start": { "line": 73, "column": 4 },
          "end": { "line": 77, "column": null }
        },
        "type": "if",
        "locations": [
          {
            "start": { "line": 73, "column": 4 },
            "end": { "line": 77, "column": null }
          },
          {
            "start": { "line": 75, "column": 11 },
            "end": { "line": 77, "column": null }
          }
        ],
        "line": 73
      },
      "14": {
        "loc": {
          "start": { "line": 86, "column": 2 },
          "end": { "line": 86, "column": null }
        },
        "type": "if",
        "locations": [
          {
            "start": { "line": 86, "column": 2 },
            "end": { "line": 86, "column": null }
          },
          { "start": {}, "end": {} }
        ],
        "line": 86
      },
      "15": {
        "loc": {
          "start": { "line": 89, "column": 2 },
          "end": { "line": 89, "column": null }
        },
        "type": "if",
        "locations": [
          {
            "start": { "line": 89, "column": 2 },
            "end": { "line": 89, "column": null }
          },
          { "start": {}, "end": {} }
        ],
        "line": 89
      },
      "16": {
        "loc": {
          "start": { "line": 92, "column": 2 },
          "end": { "line": 105, "column": null }
        },
        "type": "if",
        "locations": [
          {
            "start": { "line": 92, "column": 2 },
            "end": { "line": 105, "column": null }
          },
          { "start": {}, "end": {} }
        ],
        "line": 92
      },
      "17": {
        "loc": {
          "start": { "line": 92, "column": 6 },
          "end": { "line": 92, "column": 45 }
        },
        "type": "binary-expr",
        "locations": [
          {
            "start": { "line": 92, "column": 6 },
            "end": { "line": 92, "column": 22 }
          },
          {
            "start": { "line": 92, "column": 22 },
            "end": { "line": 92, "column": 45 }
          }
        ],
        "line": 92
      },
      "18": {
        "loc": {
          "start": { "line": 94, "column": 4 },
          "end": { "line": 99, "column": null }
        },
        "type": "if",
        "locations": [
          {
            "start": { "line": 94, "column": 4 },
            "end": { "line": 99, "column": null }
          },
          {
            "start": { "line": 96, "column": 11 },
            "end": { "line": 99, "column": null }
          }
        ],
        "line": 94
      },
      "19": {
        "loc": {
          "start": { "line": 102, "column": 4 },
          "end": { "line": 104, "column": null }
        },
        "type": "if",
        "locations": [
          {
            "start": { "line": 102, "column": 4 },
            "end": { "line": 104, "column": null }
          },
          { "start": {}, "end": {} }
        ],
        "line": 102
      },
      "20": {
        "loc": {
          "start": { "line": 102, "column": 8 },
          "end": { "line": 102, "column": 57 }
        },
        "type": "binary-expr",
        "locations": [
          {
            "start": { "line": 102, "column": 8 },
            "end": { "line": 102, "column": 41 }
          },
          {
            "start": { "line": 102, "column": 41 },
            "end": { "line": 102, "column": 57 }
          }
        ],
        "line": 102
      },
      "21": {
        "loc": {
          "start": { "line": 112, "column": 2 },
          "end": { "line": 112, "column": null }
        },
        "type": "if",
        "locations": [
          {
            "start": { "line": 112, "column": 2 },
            "end": { "line": 112, "column": null }
          },
          { "start": {}, "end": {} }
        ],
        "line": 112
      },
      "22": {
        "loc": {
          "start": { "line": 115, "column": 2 },
          "end": { "line": 115, "column": null }
        },
        "type": "if",
        "locations": [
          {
            "start": { "line": 115, "column": 2 },
            "end": { "line": 115, "column": null }
          },
          { "start": {}, "end": {} }
        ],
        "line": 115
      },
      "23": {
        "loc": {
          "start": { "line": 115, "column": 6 },
          "end": { "line": 115, "column": 54 }
        },
        "type": "binary-expr",
        "locations": [
          {
            "start": { "line": 115, "column": 6 },
            "end": { "line": 115, "column": 26 }
          },
          {
            "start": { "line": 115, "column": 26 },
            "end": { "line": 115, "column": 54 }
          }
        ],
        "line": 115
      },
      "24": {
        "loc": {
          "start": { "line": 138, "column": 2 },
          "end": { "line": 138, "column": null }
        },
        "type": "if",
        "locations": [
          {
            "start": { "line": 138, "column": 2 },
            "end": { "line": 138, "column": null }
          },
          { "start": {}, "end": {} }
        ],
        "line": 138
      },
      "25": {
        "loc": {
          "start": { "line": 145, "column": 4 },
          "end": { "line": 150, "column": null }
        },
        "type": "if",
        "locations": [
          {
            "start": { "line": 145, "column": 4 },
            "end": { "line": 150, "column": null }
          },
          { "start": {}, "end": {} }
        ],
        "line": 145
      },
      "26": {
        "loc": {
          "start": { "line": 147, "column": 6 },
          "end": { "line": 147, "column": null }
        },
        "type": "if",
        "locations": [
          {
            "start": { "line": 147, "column": 6 },
            "end": { "line": 147, "column": null }
          },
          { "start": {}, "end": {} }
        ],
        "line": 147
      },
      "27": {
        "loc": {
          "start": { "line": 147, "column": 10 },
          "end": { "line": 147, "column": 58 }
        },
        "type": "binary-expr",
        "locations": [
          {
            "start": { "line": 147, "column": 10 },
            "end": { "line": 147, "column": 30 }
          },
          {
            "start": { "line": 147, "column": 30 },
            "end": { "line": 147, "column": 58 }
          }
        ],
        "line": 147
      },
      "28": {
        "loc": {
          "start": { "line": 149, "column": 36 },
          "end": { "line": 149, "column": 47 }
        },
        "type": "binary-expr",
        "locations": [
          {
            "start": { "line": 149, "column": 36 },
            "end": { "line": 149, "column": 44 }
          },
          {
            "start": { "line": 149, "column": 44 },
            "end": { "line": 149, "column": 47 }
          }
        ],
        "line": 149
      }
    },
    "s": {
      "0": 3,
      "1": 0,
      "2": 3,
      "3": 3,
      "4": 1,
      "5": 1,
      "6": 1,
      "7": 1,
      "8": 1,
      "9": 2,
      "10": 2,
      "11": 1,
      "12": 1,
      "13": 1,
      "14": 1,
      "15": 1,
      "16": 1,
      "17": 1,
      "18": 1,
      "19": 1,
      "20": 0,
      "21": 0,
      "22": 0,
      "23": 0,
      "24": 0,
      "25": 0,
      "26": 0,
      "27": 0,
      "28": 0,
      "29": 2,
      "30": 0,
      "31": 2,
      "32": 2,
      "33": 0,
      "34": 0,
      "35": 0,
      "36": 0,
      "37": 0,
      "38": 0,
      "39": 0,
      "40": 0,
      "41": 0,
      "42": 0,
      "43": 0,
      "44": 0,
      "45": 0,
      "46": 0,
      "47": 0,
      "48": 0,
      "49": 0,
      "50": 0,
      "51": 0,
      "52": 0,
      "53": 0,
      "54": 0,
      "55": 0,
      "56": 0,
      "57": 0,
      "58": 0,
      "59": 0,
      "60": 0,
      "61": 0,
      "62": 0,
      "63": 0,
      "64": 0,
      "65": 0,
      "66": 0,
      "67": 0,
      "68": 0,
      "69": 0,
      "70": 0,
      "71": 0,
      "72": 0,
      "73": 0
    },
    "f": {
      "0": 3,
      "1": 0,
      "2": 2,
      "3": 0,
      "4": 0,
      "5": 0,
      "6": 0,
      "7": 0,
      "8": 0,
      "9": 0
    },
    "b": {
      "0": [0, 3],
      "1": [1, 2],
      "2": [3, 2],
      "3": [1, 0],
      "4": [1, 1],
      "5": [1, 0],
      "6": [0, 1],
      "7": [0, 0],
      "8": [0, 0],
      "9": [0, 2],
      "10": [0, 0],
      "11": [0, 0],
      "12": [0, 0],
      "13": [0, 0],
      "14": [0, 0],
      "15": [0, 0],
      "16": [0, 0],
      "17": [0, 0],
      "18": [0, 0],
      "19": [0, 0],
      "20": [0, 0],
      "21": [0, 0],
      "22": [0, 0],
      "23": [0, 0],
      "24": [0, 0],
      "25": [0, 0],
      "26": [0, 0],
      "27": [0, 0],
      "28": [0, 0]
    },
    "meta": {
      "lastBranch": 29,
      "lastFunction": 10,
      "lastStatement": 74,
      "seen": {
        "f:11:16:11:29": 0,
        "b:12:2:12:Infinity:undefined:undefined:undefined:undefined": 0,
        "s:12:2:12:Infinity": 0,
        "s:12:39:12:Infinity": 1,
        "s:14:20:14:Infinity": 2,
        "b:16:2:23:Infinity:undefined:undefined:undefined:undefined": 1,
        "s:16:2:23:Infinity": 3,
        "b:16:6:16:20:16:20:16:39": 2,
        "s:17:24:17:Infinity": 4,
        "b:18:4:20:Infinity:undefined:undefined:undefined:undefined": 3,
        "s:18:4:20:Infinity": 5,
        "s:19:6:19:Infinity": 6,
        "s:21:4:21:Infinity": 7,
        "s:22:4:22:Infinity": 8,
        "s:25:18:25:Infinity": 9,
        "b:26:2:51:Infinity:undefined:undefined:undefined:undefined": 4,
        "s:26:2:51:Infinity": 10,
        "s:27:22:27:Infinity": 11,
        "b:28:4:35:Infinity:undefined:undefined:undefined:undefined": 5,
        "s:28:4:35:Infinity": 12,
        "s:29:21:29:Infinity": 13,
        "s:30:23:30:Infinity": 14,
        "s:31:26:31:Infinity": 15,
        "s:33:8:33:Infinity": 16,
        "s:34:6:34:Infinity": 17,
        "s:36:4:36:Infinity": 18,
        "b:38:4:50:Infinity:undefined:undefined:undefined:undefined": 6,
        "s:38:4:50:Infinity": 19,
        "s:39:6:49:Infinity": 20,
        "f:39:17:39:23": 1,
        "s:40:19:40:Infinity": 21,
        "s:41:21:41:Infinity": 22,
        "b:42:8:48:Infinity:undefined:undefined:undefined:undefined": 7,
        "s:42:8:48:Infinity": 23,
        "b:42:12:42:18:42:18:42:24": 8,
        "s:43:20:43:Infinity": 24,
        "s:44:21:44:Infinity": 25,
        "s:45:21:45:Infinity": 26,
        "s:46:20:46:Infinity": 27,
        "s:47:10:47:Infinity": 28,
        "f:57:9:57:29": 2,
        "b:58:2:58:Infinity:undefined:undefined:undefined:undefined": 9,
        "s:58:2:58:Infinity": 29,
        "s:58:39:58:Infinity": 30,
        "s:60:19:62:Infinity": 31,
        "s:64:2:78:Infinity": 32,
        "f:64:19:64:20": 3,
        "s:65:17:65:Infinity": 33,
        "b:65:17:65:46:65:46:65:Infinity": 10,
        "s:67:6:67:Infinity": 34,
        "b:67:25:67:40:67:40:67:Infinity": 11,
        "s:69:24:71:Infinity": 35,
        "b:70:8:70:Infinity:71:8:71:Infinity": 12,
        "b:73:4:77:Infinity:75:11:77:Infinity": 13,
        "s:73:4:77:Infinity": 36,
        "s:74:6:74:Infinity": 37,
        "s:76:6:76:Infinity": 38,
        "f:84:9:84:29": 4,
        "s:85:17:85:Infinity": 39,
        "b:86:2:86:Infinity:undefined:undefined:undefined:undefined": 14,
        "s:86:2:86:Infinity": 40,
        "s:86:15:86:Infinity": 41,
        "s:88:15:88:Infinity": 42,
        "b:89:2:89:Infinity:undefined:undefined:undefined:undefined": 15,
        "s:89:2:89:Infinity": 43,
        "s:89:13:89:Infinity": 44,
        "b:92:2:105:Infinity:undefined:undefined:undefined:undefined": 16,
        "s:92:2:105:Infinity": 45,
        "b:92:6:92:22:92:22:92:45": 17,
        "s:93:4:93:Infinity": 46,
        "b:94:4:99:Infinity:96:11:99:Infinity": 18,
        "s:94:4:99:Infinity": 47,
        "s:95:6:95:Infinity": 48,
        "s:97:19:97:Infinity": 49,
        "s:98:6:98:Infinity": 50,
        "b:102:4:104:Infinity:undefined:undefined:undefined:undefined": 19,
        "s:102:4:104:Infinity": 51,
        "b:102:8:102:41:102:41:102:57": 20,
        "s:103:6:103:Infinity": 52,
        "f:111:9:111:39": 5,
        "b:112:2:112:Infinity:undefined:undefined:undefined:undefined": 21,
        "s:112:2:112:Infinity": 53,
        "s:112:39:112:Infinity": 54,
        "s:114:19:114:Infinity": 55,
        "b:115:2:115:Infinity:undefined:undefined:undefined:undefined": 22,
        "s:115:2:115:Infinity": 56,
        "b:115:6:115:26:115:26:115:54": 23,
        "s:115:54:115:Infinity": 57,
        "s:117:20:119:Infinity": 58,
        "s:121:2:124:Infinity": 59,
        "f:121:20:121:21": 6,
        "s:122:4:122:Infinity": 60,
        "s:123:4:123:Infinity": 61,
        "f:137:16:137:42": 7,
        "b:138:2:138:Infinity:undefined:undefined:undefined:undefined": 24,
        "s:138:2:138:Infinity": 62,
        "s:138:39:138:Infinity": 63,
        "s:140:2:140:Infinity": 64,
        "s:142:2:151:Infinity": 65,
        "f:142:47:142:53": 8,
        "s:143:4:143:Infinity": 66,
        "b:145:4:150:Infinity:undefined:undefined:undefined:undefined": 25,
        "s:145:4:150:Infinity": 67,
        "s:146:23:146:Infinity": 68,
        "b:147:6:147:Infinity:undefined:undefined:undefined:undefined": 26,
        "s:147:6:147:Infinity": 69,
        "b:147:10:147:30:147:30:147:58": 27,
        "s:147:58:147:Infinity": 70,
        "s:148:19:148:Infinity": 71,
        "s:149:6:149:Infinity": 72,
        "f:149:17:149:23": 9,
        "s:149:23:149:50": 73,
        "b:149:36:149:44:149:44:149:47": 28
      }
    }
  },
  "/Users/carloscastaneda/Develop/Brand-Projects/carloscndev-frontend/src/utils/blog-post.ts": {
    "path": "/Users/carloscastaneda/Develop/Brand-Projects/carloscndev-frontend/src/utils/blog-post.ts",
    "statementMap": {
      "0": {
        "start": { "line": 35, "column": 2 },
        "end": { "line": 35, "column": null }
      },
      "1": {
        "start": { "line": 35, "column": 39 },
        "end": { "line": 35, "column": null }
      },
      "2": {
        "start": { "line": 37, "column": 17 },
        "end": { "line": 37, "column": null }
      },
      "3": {
        "start": { "line": 38, "column": 17 },
        "end": { "line": 38, "column": null }
      },
      "4": {
        "start": { "line": 40, "column": 2 },
        "end": { "line": 40, "column": null }
      },
      "5": {
        "start": { "line": 40, "column": 52 },
        "end": { "line": 40, "column": null }
      },
      "6": {
        "start": { "line": 42, "column": 32 },
        "end": { "line": 42, "column": null }
      },
      "7": {
        "start": { "line": 43, "column": 23 },
        "end": { "line": 43, "column": null }
      },
      "8": {
        "start": { "line": 45, "column": 16 },
        "end": { "line": 45, "column": null }
      },
      "9": {
        "start": { "line": 46, "column": 2 },
        "end": { "line": 46, "column": null }
      },
      "10": {
        "start": { "line": 46, "column": 14 },
        "end": { "line": 46, "column": null }
      },
      "11": {
        "start": { "line": 48, "column": 23 },
        "end": { "line": 48, "column": null }
      },
      "12": {
        "start": { "line": 50, "column": 20 },
        "end": { "line": 50, "column": null }
      },
      "13": {
        "start": { "line": 51, "column": 19 },
        "end": { "line": 51, "column": null }
      },
      "14": {
        "start": { "line": 52, "column": 20 },
        "end": { "line": 52, "column": null }
      },
      "15": {
        "start": { "line": 54, "column": 22 },
        "end": { "line": 54, "column": null }
      },
      "16": {
        "start": { "line": 55, "column": 15 },
        "end": { "line": 55, "column": null }
      },
      "17": {
        "start": { "line": 57, "column": 15 },
        "end": { "line": 57, "column": null }
      },
      "18": {
        "start": { "line": 57, "column": 33 },
        "end": { "line": 57, "column": 46 }
      },
      "19": {
        "start": { "line": 58, "column": 2 },
        "end": { "line": 58, "column": null }
      },
      "20": {
        "start": { "line": 58, "column": 13 },
        "end": { "line": 58, "column": null }
      },
      "21": {
        "start": { "line": 60, "column": 2 },
        "end": { "line": 60, "column": null }
      },
      "22": {
        "start": { "line": 60, "column": 17 },
        "end": { "line": 60, "column": null }
      },
      "23": {
        "start": { "line": 61, "column": 2 },
        "end": { "line": 62, "column": null }
      },
      "24": {
        "start": { "line": 62, "column": 4 },
        "end": { "line": 62, "column": null }
      },
      "25": {
        "start": { "line": 64, "column": 2 },
        "end": { "line": 68, "column": null }
      },
      "26": {
        "start": { "line": 65, "column": 4 },
        "end": { "line": 67, "column": null }
      },
      "27": {
        "start": { "line": 66, "column": 6 },
        "end": { "line": 66, "column": null }
      },
      "28": {
        "start": { "line": 72, "column": 2 },
        "end": { "line": 72, "column": null }
      }
    },
    "fnMap": {
      "0": {
        "name": "updateBlogPostContent",
        "decl": {
          "start": { "line": 34, "column": 16 },
          "end": { "line": 34, "column": 38 }
        },
        "loc": {
          "start": { "line": 34, "column": 56 },
          "end": { "line": 69, "column": null }
        },
        "line": 34
      },
      "1": {
        "name": "(anonymous_1)",
        "decl": {
          "start": { "line": 57, "column": 26 },
          "end": { "line": 57, "column": 27 }
        },
        "loc": {
          "start": { "line": 57, "column": 33 },
          "end": { "line": 57, "column": 46 }
        },
        "line": 57
      },
      "2": {
        "name": "(anonymous_2)",
        "decl": {
          "start": { "line": 64, "column": 20 },
          "end": { "line": 64, "column": 21 }
        },
        "loc": {
          "start": { "line": 64, "column": 30 },
          "end": { "line": 68, "column": 3 }
        },
        "line": 64
      },
      "3": {
        "name": "initBlogPostLangSwitch",
        "decl": {
          "start": { "line": 71, "column": 16 },
          "end": { "line": 71, "column": 47 }
        },
        "loc": {
          "start": { "line": 71, "column": 47 },
          "end": { "line": 73, "column": null }
        },
        "line": 71
      }
    },
    "branchMap": {
      "0": {
        "loc": {
          "start": { "line": 35, "column": 2 },
          "end": { "line": 35, "column": null }
        },
        "type": "if",
        "locations": [
          {
            "start": { "line": 35, "column": 2 },
            "end": { "line": 35, "column": null }
          },
          { "start": {}, "end": {} }
        ],
        "line": 35
      },
      "1": {
        "loc": {
          "start": { "line": 40, "column": 2 },
          "end": { "line": 40, "column": null }
        },
        "type": "if",
        "locations": [
          {
            "start": { "line": 40, "column": 2 },
            "end": { "line": 40, "column": null }
          },
          { "start": {}, "end": {} }
        ],
        "line": 40
      },
      "2": {
        "loc": {
          "start": { "line": 40, "column": 6 },
          "end": { "line": 40, "column": 52 }
        },
        "type": "binary-expr",
        "locations": [
          {
            "start": { "line": 40, "column": 6 },
            "end": { "line": 40, "column": 30 }
          },
          {
            "start": { "line": 40, "column": 30 },
            "end": { "line": 40, "column": 52 }
          }
        ],
        "line": 40
      },
      "3": {
        "loc": {
          "start": { "line": 46, "column": 2 },
          "end": { "line": 46, "column": null }
        },
        "type": "if",
        "locations": [
          {
            "start": { "line": 46, "column": 2 },
            "end": { "line": 46, "column": null }
          },
          { "start": {}, "end": {} }
        ],
        "line": 46
      },
      "4": {
        "loc": {
          "start": { "line": 48, "column": 23 },
          "end": { "line": 48, "column": null }
        },
        "type": "binary-expr",
        "locations": [
          {
            "start": { "line": 48, "column": 23 },
            "end": { "line": 48, "column": 61 }
          },
          {
            "start": { "line": 48, "column": 61 },
            "end": { "line": 48, "column": null }
          }
        ],
        "line": 48
      },
      "5": {
        "loc": {
          "start": { "line": 55, "column": 15 },
          "end": { "line": 55, "column": null }
        },
        "type": "binary-expr",
        "locations": [
          {
            "start": { "line": 55, "column": 15 },
            "end": { "line": 55, "column": 47 }
          },
          {
            "start": { "line": 55, "column": 47 },
            "end": { "line": 55, "column": null }
          }
        ],
        "line": 55
      },
      "6": {
        "loc": {
          "start": { "line": 58, "column": 2 },
          "end": { "line": 58, "column": null }
        },
        "type": "if",
        "locations": [
          {
            "start": { "line": 58, "column": 2 },
            "end": { "line": 58, "column": null }
          },
          { "start": {}, "end": {} }
        ],
        "line": 58
      },
      "7": {
        "loc": {
          "start": { "line": 60, "column": 2 },
          "end": { "line": 60, "column": null }
        },
        "type": "if",
        "locations": [
          {
            "start": { "line": 60, "column": 2 },
            "end": { "line": 60, "column": null }
          },
          { "start": {}, "end": {} }
        ],
        "line": 60
      },
      "8": {
        "loc": {
          "start": { "line": 61, "column": 2 },
          "end": { "line": 62, "column": null }
        },
        "type": "if",
        "locations": [
          {
            "start": { "line": 61, "column": 2 },
            "end": { "line": 62, "column": null }
          },
          { "start": {}, "end": {} }
        ],
        "line": 61
      },
      "9": {
        "loc": {
          "start": { "line": 65, "column": 4 },
          "end": { "line": 67, "column": null }
        },
        "type": "if",
        "locations": [
          {
            "start": { "line": 65, "column": 4 },
            "end": { "line": 67, "column": null }
          },
          { "start": {}, "end": {} }
        ],
        "line": 65
      }
    },
    "s": {
      "0": 1,
      "1": 0,
      "2": 1,
      "3": 1,
      "4": 1,
      "5": 0,
      "6": 1,
      "7": 1,
      "8": 1,
      "9": 1,
      "10": 0,
      "11": 1,
      "12": 1,
      "13": 1,
      "14": 1,
      "15": 1,
      "16": 1,
      "17": 1,
      "18": 1,
      "19": 1,
      "20": 0,
      "21": 1,
      "22": 1,
      "23": 1,
      "24": 1,
      "25": 1,
      "26": 1,
      "27": 1,
      "28": 0
    },
    "f": { "0": 1, "1": 1, "2": 1, "3": 0 },
    "b": {
      "0": [0, 1],
      "1": [0, 1],
      "2": [1, 1],
      "3": [0, 1],
      "4": [1, 0],
      "5": [1, 0],
      "6": [0, 1],
      "7": [1, 0],
      "8": [1, 0],
      "9": [1, 0]
    },
    "meta": {
      "lastBranch": 10,
      "lastFunction": 4,
      "lastStatement": 29,
      "seen": {
        "f:34:16:34:38": 0,
        "b:35:2:35:Infinity:undefined:undefined:undefined:undefined": 0,
        "s:35:2:35:Infinity": 0,
        "s:35:39:35:Infinity": 1,
        "s:37:17:37:Infinity": 2,
        "s:38:17:38:Infinity": 3,
        "b:40:2:40:Infinity:undefined:undefined:undefined:undefined": 1,
        "s:40:2:40:Infinity": 4,
        "b:40:6:40:30:40:30:40:52": 2,
        "s:40:52:40:Infinity": 5,
        "s:42:32:42:Infinity": 6,
        "s:43:23:43:Infinity": 7,
        "s:45:16:45:Infinity": 8,
        "b:46:2:46:Infinity:undefined:undefined:undefined:undefined": 3,
        "s:46:2:46:Infinity": 9,
        "s:46:14:46:Infinity": 10,
        "s:48:23:48:Infinity": 11,
        "b:48:23:48:61:48:61:48:Infinity": 4,
        "s:50:20:50:Infinity": 12,
        "s:51:19:51:Infinity": 13,
        "s:52:20:52:Infinity": 14,
        "s:54:22:54:Infinity": 15,
        "s:55:15:55:Infinity": 16,
        "b:55:15:55:47:55:47:55:Infinity": 5,
        "s:57:15:57:Infinity": 17,
        "f:57:26:57:27": 1,
        "s:57:33:57:46": 18,
        "b:58:2:58:Infinity:undefined:undefined:undefined:undefined": 6,
        "s:58:2:58:Infinity": 19,
        "s:58:13:58:Infinity": 20,
        "b:60:2:60:Infinity:undefined:undefined:undefined:undefined": 7,
        "s:60:2:60:Infinity": 21,
        "s:60:17:60:Infinity": 22,
        "b:61:2:62:Infinity:undefined:undefined:undefined:undefined": 8,
        "s:61:2:62:Infinity": 23,
        "s:62:4:62:Infinity": 24,
        "s:64:2:68:Infinity": 25,
        "f:64:20:64:21": 2,
        "b:65:4:67:Infinity:undefined:undefined:undefined:undefined": 9,
        "s:65:4:67:Infinity": 26,
        "s:66:6:66:Infinity": 27,
        "f:71:16:71:47": 3,
        "s:72:2:72:Infinity": 28
      }
    }
  },
  "/Users/carloscastaneda/Develop/Brand-Projects/carloscndev-frontend/src/utils/blog.ts": {
    "path": "/Users/carloscastaneda/Develop/Brand-Projects/carloscndev-frontend/src/utils/blog.ts",
    "statementMap": {
      "0": {
        "start": { "line": 30, "column": 2 },
        "end": { "line": 30, "column": null }
      },
      "1": {
        "start": { "line": 30, "column": 39 },
        "end": { "line": 30, "column": null }
      },
      "2": {
        "start": { "line": 32, "column": 17 },
        "end": { "line": 32, "column": null }
      },
      "3": {
        "start": { "line": 33, "column": 2 },
        "end": { "line": 33, "column": null }
      },
      "4": {
        "start": { "line": 33, "column": 38 },
        "end": { "line": 33, "column": null }
      },
      "5": {
        "start": { "line": 35, "column": 44 },
        "end": { "line": 35, "column": null }
      },
      "6": {
        "start": { "line": 36, "column": 19 },
        "end": { "line": 36, "column": null }
      },
      "7": {
        "start": { "line": 37, "column": 2 },
        "end": { "line": 37, "column": null }
      },
      "8": {
        "start": { "line": 37, "column": 17 },
        "end": { "line": 37, "column": null }
      },
      "9": {
        "start": { "line": 39, "column": 18 },
        "end": { "line": 39, "column": null }
      },
      "10": {
        "start": { "line": 40, "column": 2 },
        "end": { "line": 40, "column": null }
      },
      "11": {
        "start": { "line": 40, "column": 15 },
        "end": { "line": 40, "column": null }
      },
      "12": {
        "start": { "line": 42, "column": 2 },
        "end": { "line": 60, "column": null }
      },
      "13": {
        "start": { "line": 43, "column": 18 },
        "end": { "line": 43, "column": null }
      },
      "14": {
        "start": { "line": 44, "column": 4 },
        "end": { "line": 59, "column": null }
      },
      "15": {
        "start": { "line": 45, "column": 22 },
        "end": { "line": 45, "column": null }
      },
      "16": {
        "start": { "line": 46, "column": 6 },
        "end": { "line": 46, "column": null }
      },
      "17": {
        "start": { "line": 46, "column": 19 },
        "end": { "line": 46, "column": null }
      },
      "18": {
        "start": { "line": 48, "column": 25 },
        "end": { "line": 48, "column": null }
      },
      "19": {
        "start": { "line": 49, "column": 6 },
        "end": { "line": 49, "column": null }
      },
      "20": {
        "start": { "line": 49, "column": 22 },
        "end": { "line": 49, "column": null }
      },
      "21": {
        "start": { "line": 51, "column": 21 },
        "end": { "line": 51, "column": null }
      },
      "22": {
        "start": { "line": 52, "column": 6 },
        "end": { "line": 52, "column": null }
      },
      "23": {
        "start": { "line": 52, "column": 18 },
        "end": { "line": 52, "column": null }
      },
      "24": {
        "start": { "line": 54, "column": 25 },
        "end": { "line": 54, "column": null }
      },
      "25": {
        "start": { "line": 55, "column": 6 },
        "end": { "line": 55, "column": null }
      },
      "26": {
        "start": { "line": 55, "column": 22 },
        "end": { "line": 55, "column": null }
      },
      "27": {
        "start": { "line": 57, "column": 23 },
        "end": { "line": 57, "column": null }
      },
      "28": {
        "start": { "line": 58, "column": 6 },
        "end": { "line": 58, "column": null }
      },
      "29": {
        "start": { "line": 58, "column": 20 },
        "end": { "line": 58, "column": null }
      },
      "30": {
        "start": { "line": 64, "column": 2 },
        "end": { "line": 64, "column": null }
      },
      "31": {
        "start": { "line": 64, "column": 39 },
        "end": { "line": 64, "column": null }
      },
      "32": {
        "start": { "line": 66, "column": 19 },
        "end": { "line": 68, "column": null }
      },
      "33": {
        "start": { "line": 70, "column": 2 },
        "end": { "line": 100, "column": null }
      },
      "34": {
        "start": { "line": 71, "column": 10 },
        "end": { "line": 71, "column": null }
      },
      "35": {
        "start": { "line": 73, "column": 4 },
        "end": { "line": 99, "column": null }
      },
      "36": {
        "start": { "line": 74, "column": 21 },
        "end": { "line": 74, "column": null }
      },
      "37": {
        "start": { "line": 75, "column": 6 },
        "end": { "line": 75, "column": null }
      },
      "38": {
        "start": { "line": 75, "column": 59 },
        "end": { "line": 75, "column": null }
      },
      "39": {
        "start": { "line": 77, "column": 19 },
        "end": { "line": 77, "column": null }
      },
      "40": {
        "start": { "line": 78, "column": 6 },
        "end": { "line": 78, "column": null }
      },
      "41": {
        "start": { "line": 78, "column": 17 },
        "end": { "line": 78, "column": null }
      },
      "42": {
        "start": { "line": 80, "column": 20 },
        "end": { "line": 80, "column": null }
      },
      "43": {
        "start": { "line": 81, "column": 6 },
        "end": { "line": 81, "column": null }
      },
      "44": {
        "start": { "line": 81, "column": 18 },
        "end": { "line": 81, "column": null }
      },
      "45": {
        "start": { "line": 83, "column": 21 },
        "end": { "line": 83, "column": null }
      },
      "46": {
        "start": { "line": 85, "column": 6 },
        "end": { "line": 98, "column": null }
      },
      "47": {
        "start": { "line": 86, "column": 8 },
        "end": { "line": 86, "column": null }
      },
      "48": {
        "start": { "line": 87, "column": 8 },
        "end": { "line": 87, "column": null }
      },
      "49": {
        "start": { "line": 89, "column": 8 },
        "end": { "line": 95, "column": null }
      },
      "50": {
        "start": { "line": 96, "column": 8 },
        "end": { "line": 96, "column": null }
      },
      "51": {
        "start": { "line": 97, "column": 8 },
        "end": { "line": 97, "column": null }
      },
      "52": {
        "start": { "line": 104, "column": 2 },
        "end": { "line": 104, "column": null }
      },
      "53": {
        "start": { "line": 108, "column": 2 },
        "end": { "line": 108, "column": null }
      },
      "54": {
        "start": { "line": 108, "column": 39 },
        "end": { "line": 108, "column": null }
      },
      "55": {
        "start": { "line": 109, "column": 2 },
        "end": { "line": 109, "column": null }
      },
      "56": {
        "start": { "line": 110, "column": 2 },
        "end": { "line": 112, "column": null }
      },
      "57": {
        "start": { "line": 111, "column": 4 },
        "end": { "line": 111, "column": null }
      }
    },
    "fnMap": {
      "0": {
        "name": "updateBlogEntries",
        "decl": {
          "start": { "line": 29, "column": 16 },
          "end": { "line": 29, "column": 34 }
        },
        "loc": {
          "start": { "line": 29, "column": 52 },
          "end": { "line": 61, "column": null }
        },
        "line": 29
      },
      "1": {
        "name": "(anonymous_1)",
        "decl": {
          "start": { "line": 42, "column": 30 },
          "end": { "line": 42, "column": 31 }
        },
        "loc": {
          "start": { "line": 42, "column": 40 },
          "end": { "line": 60, "column": 3 }
        },
        "line": 42
      },
      "2": {
        "name": "(anonymous_2)",
        "decl": {
          "start": { "line": 44, "column": 18 },
          "end": { "line": 44, "column": 19 }
        },
        "loc": {
          "start": { "line": 44, "column": 28 },
          "end": { "line": 59, "column": 5 }
        },
        "line": 44
      },
      "3": {
        "name": "bindBlogAccordion",
        "decl": {
          "start": { "line": 63, "column": 9 },
          "end": { "line": 63, "column": 35 }
        },
        "loc": {
          "start": { "line": 63, "column": 35 },
          "end": { "line": 101, "column": null }
        },
        "line": 63
      },
      "4": {
        "name": "(anonymous_4)",
        "decl": {
          "start": { "line": 70, "column": 19 },
          "end": { "line": 70, "column": 20 }
        },
        "loc": {
          "start": { "line": 70, "column": 32 },
          "end": { "line": 100, "column": 3 }
        },
        "line": 70
      },
      "5": {
        "name": "(anonymous_5)",
        "decl": {
          "start": { "line": 73, "column": 37 },
          "end": { "line": 73, "column": 38 }
        },
        "loc": {
          "start": { "line": 73, "column": 44 },
          "end": { "line": 99, "column": 5 }
        },
        "line": 73
      },
      "6": {
        "name": "initBlogLangSwitch",
        "decl": {
          "start": { "line": 103, "column": 16 },
          "end": { "line": 103, "column": 43 }
        },
        "loc": {
          "start": { "line": 103, "column": 43 },
          "end": { "line": 105, "column": null }
        },
        "line": 103
      },
      "7": {
        "name": "initBlogAccordion",
        "decl": {
          "start": { "line": 107, "column": 16 },
          "end": { "line": 107, "column": 42 }
        },
        "loc": {
          "start": { "line": 107, "column": 42 },
          "end": { "line": 113, "column": null }
        },
        "line": 107
      },
      "8": {
        "name": "(anonymous_8)",
        "decl": {
          "start": { "line": 110, "column": 47 },
          "end": { "line": 110, "column": 53 }
        },
        "loc": {
          "start": { "line": 110, "column": 53 },
          "end": { "line": 112, "column": 3 }
        },
        "line": 110
      }
    },
    "branchMap": {
      "0": {
        "loc": {
          "start": { "line": 30, "column": 2 },
          "end": { "line": 30, "column": null }
        },
        "type": "if",
        "locations": [
          {
            "start": { "line": 30, "column": 2 },
            "end": { "line": 30, "column": null }
          },
          { "start": {}, "end": {} }
        ],
        "line": 30
      },
      "1": {
        "loc": {
          "start": { "line": 33, "column": 2 },
          "end": { "line": 33, "column": null }
        },
        "type": "if",
        "locations": [
          {
            "start": { "line": 33, "column": 2 },
            "end": { "line": 33, "column": null }
          },
          { "start": {}, "end": {} }
        ],
        "line": 33
      },
      "2": {
        "loc": {
          "start": { "line": 33, "column": 6 },
          "end": { "line": 33, "column": 38 }
        },
        "type": "binary-expr",
        "locations": [
          {
            "start": { "line": 33, "column": 6 },
            "end": { "line": 33, "column": 17 }
          },
          {
            "start": { "line": 33, "column": 17 },
            "end": { "line": 33, "column": 38 }
          }
        ],
        "line": 33
      },
      "3": {
        "loc": {
          "start": { "line": 37, "column": 2 },
          "end": { "line": 37, "column": null }
        },
        "type": "if",
        "locations": [
          {
            "start": { "line": 37, "column": 2 },
            "end": { "line": 37, "column": null }
          },
          { "start": {}, "end": {} }
        ],
        "line": 37
      },
      "4": {
        "loc": {
          "start": { "line": 40, "column": 2 },
          "end": { "line": 40, "column": null }
        },
        "type": "if",
        "locations": [
          {
            "start": { "line": 40, "column": 2 },
            "end": { "line": 40, "column": null }
          },
          { "start": {}, "end": {} }
        ],
        "line": 40
      },
      "5": {
        "loc": {
          "start": { "line": 46, "column": 6 },
          "end": { "line": 46, "column": null }
        },
        "type": "if",
        "locations": [
          {
            "start": { "line": 46, "column": 6 },
            "end": { "line": 46, "column": null }
          },
          { "start": {}, "end": {} }
        ],
        "line": 46
      },
      "6": {
        "loc": {
          "start": { "line": 49, "column": 6 },
          "end": { "line": 49, "column": null }
        },
        "type": "if",
        "locations": [
          {
            "start": { "line": 49, "column": 6 },
            "end": { "line": 49, "column": null }
          },
          { "start": {}, "end": {} }
        ],
        "line": 49
      },
      "7": {
        "loc": {
          "start": { "line": 52, "column": 6 },
          "end": { "line": 52, "column": null }
        },
        "type": "if",
        "locations": [
          {
            "start": { "line": 52, "column": 6 },
            "end": { "line": 52, "column": null }
          },
          { "start": {}, "end": {} }
        ],
        "line": 52
      },
      "8": {
        "loc": {
          "start": { "line": 55, "column": 6 },
          "end": { "line": 55, "column": null }
        },
        "type": "if",
        "locations": [
          {
            "start": { "line": 55, "column": 6 },
            "end": { "line": 55, "column": null }
          },
          { "start": {}, "end": {} }
        ],
        "line": 55
      },
      "9": {
        "loc": {
          "start": { "line": 58, "column": 6 },
          "end": { "line": 58, "column": null }
        },
        "type": "if",
        "locations": [
          {
            "start": { "line": 58, "column": 6 },
            "end": { "line": 58, "column": null }
          },
          { "start": {}, "end": {} }
        ],
        "line": 58
      },
      "10": {
        "loc": {
          "start": { "line": 58, "column": 43 },
          "end": { "line": 58, "column": null }
        },
        "type": "binary-expr",
        "locations": [
          {
            "start": { "line": 58, "column": 43 },
            "end": { "line": 58, "column": 58 }
          },
          {
            "start": { "line": 58, "column": 58 },
            "end": { "line": 58, "column": null }
          }
        ],
        "line": 58
      },
      "11": {
        "loc": {
          "start": { "line": 64, "column": 2 },
          "end": { "line": 64, "column": null }
        },
        "type": "if",
        "locations": [
          {
            "start": { "line": 64, "column": 2 },
            "end": { "line": 64, "column": null }
          },
          { "start": {}, "end": {} }
        ],
        "line": 64
      },
      "12": {
        "loc": {
          "start": { "line": 75, "column": 6 },
          "end": { "line": 75, "column": null }
        },
        "type": "if",
        "locations": [
          {
            "start": { "line": 75, "column": 6 },
            "end": { "line": 75, "column": null }
          },
          { "start": {}, "end": {} }
        ],
        "line": 75
      },
      "13": {
        "loc": {
          "start": { "line": 78, "column": 6 },
          "end": { "line": 78, "column": null }
        },
        "type": "if",
        "locations": [
          {
            "start": { "line": 78, "column": 6 },
            "end": { "line": 78, "column": null }
          },
          { "start": {}, "end": {} }
        ],
        "line": 78
      },
      "14": {
        "loc": {
          "start": { "line": 81, "column": 6 },
          "end": { "line": 81, "column": null }
        },
        "type": "if",
        "locations": [
          {
            "start": { "line": 81, "column": 6 },
            "end": { "line": 81, "column": null }
          },
          { "start": {}, "end": {} }
        ],
        "line": 81
      },
      "15": {
        "loc": {
          "start": { "line": 85, "column": 6 },
          "end": { "line": 98, "column": null }
        },
        "type": "if",
        "locations": [
          {
            "start": { "line": 85, "column": 6 },
            "end": { "line": 98, "column": null }
          },
          {
            "start": { "line": 88, "column": 13 },
            "end": { "line": 98, "column": null }
          }
        ],
        "line": 85
      },
      "16": {
        "loc": {
          "start": { "line": 108, "column": 2 },
          "end": { "line": 108, "column": null }
        },
        "type": "if",
        "locations": [
          {
            "start": { "line": 108, "column": 2 },
            "end": { "line": 108, "column": null }
          },
          { "start": {}, "end": {} }
        ],
        "line": 108
      }
    },
    "s": {
      "0": 1,
      "1": 0,
      "2": 1,
      "3": 1,
      "4": 0,
      "5": 1,
      "6": 1,
      "7": 1,
      "8": 0,
      "9": 1,
      "10": 1,
      "11": 1,
      "12": 1,
      "13": 1,
      "14": 1,
      "15": 1,
      "16": 1,
      "17": 1,
      "18": 1,
      "19": 1,
      "20": 1,
      "21": 1,
      "22": 1,
      "23": 1,
      "24": 1,
      "25": 1,
      "26": 1,
      "27": 1,
      "28": 1,
      "29": 0,
      "30": 0,
      "31": 0,
      "32": 0,
      "33": 0,
      "34": 0,
      "35": 0,
      "36": 0,
      "37": 0,
      "38": 0,
      "39": 0,
      "40": 0,
      "41": 0,
      "42": 0,
      "43": 0,
      "44": 0,
      "45": 0,
      "46": 0,
      "47": 0,
      "48": 0,
      "49": 0,
      "50": 0,
      "51": 0,
      "52": 0,
      "53": 0,
      "54": 0,
      "55": 0,
      "56": 0,
      "57": 0
    },
    "f": {
      "0": 1,
      "1": 1,
      "2": 1,
      "3": 0,
      "4": 0,
      "5": 0,
      "6": 0,
      "7": 0,
      "8": 0
[...]
        "s:63:2:66:Infinity": 19,
        "s:64:17:64:Infinity": 20,
        "b:65:4:65:Infinity:undefined:undefined:undefined:undefined": 6,
        "s:65:4:65:Infinity": 21,
        "s:65:14:65:Infinity": 22,
        "s:68:2:133:Infinity": 23,
        "f:68:24:68:25": 1,
        "s:69:23:71:Infinity": 24,
        "s:73:4:132:Infinity": 25,
        "f:73:23:73:24": 2,
        "s:74:27:76:Infinity": 26,
        "b:77:6:77:Infinity:undefined:undefined:undefined:undefined": 7,
        "s:77:6:77:Infinity": 27,
        "s:77:24:77:Infinity": 28,
        "s:79:26:81:Infinity": 29,
        "b:82:6:82:Infinity:undefined:undefined:undefined:undefined": 8,
        "s:82:6:82:Infinity": 30,
        "s:82:23:82:Infinity": 31,
        "s:84:29:86:Infinity": 32,
        "s:87:6:91:Infinity": 33,
        "f:87:29:87:30": 3,
        "s:88:8:90:Infinity": 34,
        "f:89:15:89:16": 4,
        "s:89:22:89:41": 35,
        "s:93:29:95:Infinity": 36,
        "s:96:6:131:Infinity": 37,
        "f:96:29:96:30": 5,
        "s:97:8:97:Infinity": 38,
        "b:99:8:108:Infinity:undefined:undefined:undefined:undefined": 9,
        "s:99:8:108:Infinity": 39,
        "s:100:25:100:Infinity": 40,
        "s:101:10:101:Infinity": 41,
        "s:102:10:102:Infinity": 42,
        "s:103:10:103:Infinity": 43,
        "s:104:10:104:Infinity": 44,
        "s:105:10:105:Infinity": 45,
        "s:106:10:106:Infinity": 46,
        "s:107:10:107:Infinity": 47,
        "b:110:8:119:Infinity:undefined:undefined:undefined:undefined": 10,
        "s:110:8:119:Infinity": 48,
        "s:111:25:111:Infinity": 49,
        "s:112:10:112:Infinity": 50,
        "s:113:10:113:Infinity": 51,
        "s:114:10:114:Infinity": 52,
        "s:115:10:115:Infinity": 53,
        "s:116:10:116:Infinity": 54,
        "s:117:10:117:Infinity": 55,
        "s:118:10:118:Infinity": 56,
        "b:121:8:130:Infinity:undefined:undefined:undefined:undefined": 11,
        "s:121:8:130:Infinity": 57,
        "s:122:25:122:Infinity": 58,
        "s:123:10:123:Infinity": 59,
        "s:124:10:124:Infinity": 60,
        "s:125:10:125:Infinity": 61,
        "s:126:10:126:Infinity": 62,
        "s:127:10:127:Infinity": 63,
        "s:128:10:128:Infinity": 64,
        "s:129:10:129:Infinity": 65,
        "f:140:9:140:39": 6,
        "b:141:2:141:Infinity:undefined:undefined:undefined:undefined": 12,
        "s:141:2:141:Infinity": 66,
        "s:141:39:141:Infinity": 67,
        "s:143:19:145:Infinity": 68,
        "s:147:2:176:Infinity": 69,
        "f:147:19:147:20": 7,
        "s:148:10:148:Infinity": 70,
        "s:150:4:175:Infinity": 71,
        "f:150:37:150:43": 8,
        "s:151:19:151:Infinity": 72,
        "b:152:6:152:Infinity:undefined:undefined:undefined:undefined": 13,
        "s:152:6:152:Infinity": 73,
        "s:152:17:152:Infinity": 74,
        "s:154:20:154:Infinity": 75,
        "b:155:6:155:Infinity:undefined:undefined:undefined:undefined": 14,
        "s:155:6:155:Infinity": 76,
        "s:155:18:155:Infinity": 77,
        "s:157:21:159:Infinity": 78,
        "b:161:6:174:Infinity:164:13:174:Infinity": 15,
        "s:161:6:174:Infinity": 79,
        "s:162:8:162:Infinity": 80,
        "s:163:8:163:Infinity": 81,
        "s:165:8:171:Infinity": 82,
        "s:172:8:172:Infinity": 83,
        "s:173:8:173:Infinity": 84,
        "f:183:16:183:48": 9,
        "s:184:2:184:Infinity": 85,
        "f:187:16:187:47": 10,
        "b:188:2:188:Infinity:undefined:undefined:undefined:undefined": 16,
        "s:188:2:188:Infinity": 86,
        "s:188:39:188:Infinity": 87,
        "s:189:2:189:Infinity": 88,
        "s:191:2:193:Infinity": 89,
        "f:191:47:191:53": 11,
        "s:192:4:192:Infinity": 90
      }
    }
  },
  "/Users/carloscastaneda/Develop/Brand-Projects/carloscndev-frontend/src/utils/theme.ts": {
    "path": "/Users/carloscastaneda/Develop/Brand-Projects/carloscndev-frontend/src/utils/theme.ts",
    "statementMap": {
      "0": {
        "start": { "line": 1, "column": 20 },
        "end": { "line": 1, "column": null }
      },
      "1": {
        "start": { "line": 2, "column": 13 },
        "end": { "line": 2, "column": null }
      },
      "2": {
        "start": { "line": 3, "column": 14 },
        "end": { "line": 3, "column": null }
      },
      "3": {
        "start": { "line": 6, "column": 2 },
        "end": { "line": 6, "column": null }
      },
      "4": {
        "start": { "line": 6, "column": 43 },
        "end": { "line": 6, "column": null }
      },
      "5": {
        "start": { "line": 7, "column": 17 },
        "end": { "line": 7, "column": null }
      },
      "6": {
        "start": { "line": 8, "column": 2 },
        "end": { "line": 10, "column": null }
      },
      "7": {
        "start": { "line": 9, "column": 4 },
        "end": { "line": 9, "column": null }
      },
      "8": {
        "start": { "line": 11, "column": 2 },
        "end": { "line": 11, "column": null }
      },
      "9": {
        "start": { "line": 15, "column": 2 },
        "end": { "line": 17, "column": null }
      },
      "10": {
        "start": { "line": 16, "column": 4 },
        "end": { "line": 16, "column": null }
      },
      "11": {
        "start": { "line": 21, "column": 17 },
        "end": { "line": 21, "column": null }
      },
      "12": {
        "start": { "line": 22, "column": 2 },
        "end": { "line": 22, "column": null }
      },
      "13": {
        "start": { "line": 22, "column": 14 },
        "end": { "line": 22, "column": null }
      },
      "14": {
        "start": { "line": 23, "column": 2 },
        "end": { "line": 27, "column": null }
      },
      "15": {
        "start": { "line": 24, "column": 4 },
        "end": { "line": 26, "column": null }
      },
      "16": {
        "start": { "line": 28, "column": 2 },
        "end": { "line": 28, "column": null }
      },
      "17": {
        "start": { "line": 32, "column": 2 },
        "end": { "line": 40, "column": null }
      },
      "18": {
        "start": { "line": 33, "column": 17 },
        "end": { "line": 33, "column": null }
      },
      "19": {
        "start": { "line": 34, "column": 4 },
        "end": { "line": 38, "column": null }
      },
      "20": {
        "start": { "line": 35, "column": 6 },
        "end": { "line": 35, "column": null }
      },
      "21": {
        "start": { "line": 37, "column": 6 },
        "end": { "line": 37, "column": null }
      },
      "22": {
        "start": { "line": 39, "column": 4 },
        "end": { "line": 39, "column": null }
      },
      "23": {
        "start": { "line": 44, "column": 2 },
        "end": { "line": 50, "column": null }
      },
      "24": {
        "start": { "line": 45, "column": 20 },
        "end": { "line": 47, "column": null }
      },
      "25": {
        "start": { "line": 48, "column": 17 },
        "end": { "line": 48, "column": null }
      },
      "26": {
        "start": { "line": 49, "column": 4 },
        "end": { "line": 49, "column": null }
      },
      "27": {
        "start": { "line": 54, "column": 2 },
        "end": { "line": 54, "column": null }
      },
      "28": {
        "start": { "line": 55, "column": 2 },
        "end": { "line": 57, "column": null }
      },
      "29": {
        "start": { "line": 56, "column": 4 },
        "end": { "line": 56, "column": null }
      },
      "30": {
        "start": { "line": 58, "column": 2 },
        "end": { "line": 67, "column": null }
      },
      "31": {
        "start": { "line": 59, "column": 23 },
        "end": { "line": 59, "column": null }
      },
      "32": {
        "start": { "line": 60, "column": 4 },
        "end": { "line": 66, "column": null }
      },
      "33": {
        "start": { "line": 61, "column": 24 },
        "end": { "line": 61, "column": null }
      },
      "34": {
        "start": { "line": 62, "column": 6 },
        "end": { "line": 65, "column": null }
      },
      "35": {
        "start": { "line": 63, "column": 8 },
        "end": { "line": 63, "column": null }
      },
      "36": {
        "start": { "line": 64, "column": 8 },
        "end": { "line": 64, "column": null }
      }
    },
    "fnMap": {
      "0": {
        "name": "getStoredTheme",
        "decl": {
          "start": { "line": 5, "column": 16 },
          "end": { "line": 5, "column": 48 }
        },
        "loc": {
          "start": { "line": 5, "column": 48 },
          "end": { "line": 12, "column": null }
        },
        "line": 5
      },
      "1": {
        "name": "setStoredTheme",
        "decl": {
          "start": { "line": 14, "column": 16 },
          "end": { "line": 14, "column": 31 }
        },
        "loc": {
          "start": { "line": 14, "column": 52 },
          "end": { "line": 18, "column": null }
        },
        "line": 14
      },
      "2": {
        "name": "getPreferredTheme",
        "decl": {
          "start": { "line": 20, "column": 16 },
          "end": { "line": 20, "column": 44 }
        },
        "loc": {
          "start": { "line": 20, "column": 44 },
          "end": { "line": 29, "column": null }
        },
        "line": 20
      },
      "3": {
        "name": "applyTheme",
        "decl": {
          "start": { "line": 31, "column": 16 },
          "end": { "line": 31, "column": 27 }
        },
        "loc": {
          "start": { "line": 31, "column": 48 },
          "end": { "line": 41, "column": null }
        },
        "line": 31
      },
      "4": {
        "name": "toggleTheme",
        "decl": {
          "start": { "line": 43, "column": 16 },
          "end": { "line": 43, "column": 36 }
        },
        "loc": {
          "start": { "line": 43, "column": 36 },
          "end": { "line": 51, "column": null }
        },
        "line": 43
      },
      "5": {
        "name": "initThemeListener",
        "decl": {
          "start": { "line": 53, "column": 16 },
          "end": { "line": 53, "column": 42 }
        },
        "loc": {
          "start": { "line": 53, "column": 42 },
          "end": { "line": 68, "column": null }
        },
        "line": 53
      },
      "6": {
        "name": "(anonymous_6)",
        "decl": {
          "start": { "line": 55, "column": 48 },
          "end": { "line": 55, "column": 54 }
        },
        "loc": {
          "start": { "line": 55, "column": 54 },
          "end": { "line": 57, "column": 3 }
        },
        "line": 55
      },
      "7": {
        "name": "(anonymous_7)",
        "decl": {
          "start": { "line": 58, "column": 47 },
          "end": { "line": 58, "column": 53 }
        },
        "loc": {
          "start": { "line": 58, "column": 53 },
          "end": { "line": 67, "column": 3 }
        },
        "line": 58
      },
      "8": {
        "name": "(anonymous_8)",
        "decl": {
          "start": { "line": 60, "column": 23 },
          "end": { "line": 60, "column": 24 }
        },
        "loc": {
          "start": { "line": 60, "column": 31 },
          "end": { "line": 66, "column": 5 }
        },
        "line": 60
      }
    },
    "branchMap": {
      "0": {
        "loc": {
          "start": { "line": 6, "column": 2 },
          "end": { "line": 6, "column": null }
        },
        "type": "if",
        "locations": [
          {
            "start": { "line": 6, "column": 2 },
            "end": { "line": 6, "column": null }
          },
          { "start": {}, "end": {} }
        ],
        "line": 6
      },
      "1": {
        "loc": {
          "start": { "line": 8, "column": 2 },
          "end": { "line": 10, "column": null }
        },
        "type": "if",
        "locations": [
          {
            "start": { "line": 8, "column": 2 },
            "end": { "line": 10, "column": null }
          },
          { "start": {}, "end": {} }
        ],
        "line": 8
      },
      "2": {
        "loc": {
          "start": { "line": 8, "column": 6 },
          "end": { "line": 8, "column": 43 }
        },
        "type": "binary-expr",
        "locations": [
          {
            "start": { "line": 8, "column": 6 },
            "end": { "line": 8, "column": 25 }
          },
          {
            "start": { "line": 8, "column": 25 },
            "end": { "line": 8, "column": 43 }
          }
        ],
        "line": 8
      },
      "3": {
        "loc": {
          "start": { "line": 15, "column": 2 },
          "end": { "line": 17, "column": null }
        },
        "type": "if",
        "locations": [
          {
            "start": { "line": 15, "column": 2 },
            "end": { "line": 17, "column": null }
          },
          { "start": {}, "end": {} }
        ],
        "line": 15
      },
      "4": {
        "loc": {
          "start": { "line": 22, "column": 2 },
          "end": { "line": 22, "column": null }
        },
        "type": "if",
        "locations": [
          {
            "start": { "line": 22, "column": 2 },
            "end": { "line": 22, "column": null }
          },
          { "start": {}, "end": {} }
        ],
        "line": 22
      },
      "5": {
        "loc": {
          "start": { "line": 23, "column": 2 },
          "end": { "line": 27, "column": null }
        },
        "type": "if",
        "locations": [
          {
            "start": { "line": 23, "column": 2 },
            "end": { "line": 27, "column": null }
          },
          { "start": {}, "end": {} }
        ],
        "line": 23
      },
      "6": {
        "loc": {
          "start": { "line": 24, "column": 11 },
          "end": { "line": 26, "column": null }
        },
        "type": "cond-expr",
        "locations": [
          {
            "start": { "line": 25, "column": 8 },
            "end": { "line": 25, "column": null }
          },
          {
            "start": { "line": 26, "column": 8 },
            "end": { "line": 26, "column": null }
          }
        ],
        "line": 24
      },
      "7": {
        "loc": {
          "start": { "line": 32, "column": 2 },
          "end": { "line": 40, "column": null }
        },
        "type": "if",
        "locations": [
          {
            "start": { "line": 32, "column": 2 },
            "end": { "line": 40, "column": null }
          },
          { "start": {}, "end": {} }
        ],
        "line": 32
      },
      "8": {
        "loc": {
          "start": { "line": 34, "column": 4 },
          "end": { "line": 38, "column": null }
        },
        "type": "if",
        "locations": [
          {
            "start": { "line": 34, "column": 4 },
            "end": { "line": 38, "column": null }
          },
          {
            "start": { "line": 36, "column": 11 },
            "end": { "line": 38, "column": null }
          }
        ],
        "line": 34
      },
      "9": {
        "loc": {
          "start": { "line": 44, "column": 2 },
          "end": { "line": 50, "column": null }
        },
        "type": "if",
        "locations": [
          {
            "start": { "line": 44, "column": 2 },
            "end": { "line": 50, "column": null }
          },
          { "start": {}, "end": {} }
        ],
        "line": 44
      },
      "10": {
        "loc": {
          "start": { "line": 45, "column": 20 },
          "end": { "line": 47, "column": null }
        },
        "type": "cond-expr",
        "locations": [
          {
            "start": { "line": 46, "column": 8 },
            "end": { "line": 46, "column": null }
          },
          {
            "start": { "line": 47, "column": 8 },
            "end": { "line": 47, "column": null }
          }
        ],
        "line": 45
      },
      "11": {
        "loc": {
          "start": { "line": 48, "column": 17 },
          "end": { "line": 48, "column": null }
        },
        "type": "cond-expr",
        "locations": [
          {
            "start": { "line": 48, "column": 36 },
            "end": { "line": 48, "column": 44 }
          },
          {
            "start": { "line": 48, "column": 44 },
            "end": { "line": 48, "column": null }
          }
        ],
        "line": 48
      },
      "12": {
        "loc": {
          "start": { "line": 62, "column": 6 },
          "end": { "line": 65, "column": null }
        },
        "type": "if",
        "locations": [
          {
            "start": { "line": 62, "column": 6 },
            "end": { "line": 65, "column": null }
          },
          { "start": {}, "end": {} }
        ],
        "line": 62
      }
    },
    "s": {
      "0": 1,
      "1": 1,
      "2": 1,
      "3": 2,
      "4": 0,
      "5": 2,
      "6": 2,
      "7": 1,
      "8": 1,
      "9": 3,
      "10": 3,
      "11": 2,
      "12": 2,
      "13": 1,
      "14": 1,
      "15": 1,
      "16": 0,
      "17": 3,
      "18": 3,
      "19": 3,
      "20": 2,
      "21": 1,
      "22": 3,
      "23": 0,
      "24": 0,
      "25": 0,
      "26": 0,
      "27": 0,
      "28": 0,
      "29": 0,
      "30": 0,
      "31": 0,
      "32": 0,
      "33": 0,
      "34": 0,
      "35": 0,
      "36": 0
    },
    "f": {
      "0": 2,
      "1": 3,
      "2": 2,
      "3": 3,
      "4": 0,
      "5": 0,
      "6": 0,
      "7": 0,
      "8": 0
    },
    "b": {
      "0": [0, 2],
      "1": [1, 1],
      "2": [2, 2],
      "3": [3, 0],
      "4": [1, 1],
      "5": [1, 0],
      "6": [1, 0],
      "7": [3, 0],
      "8": [2, 1],
      "9": [0, 0],
      "10": [0, 0],
      "11": [0, 0],
      "12": [0, 0]
    },
    "meta": {
      "lastBranch": 13,
      "lastFunction": 9,
      "lastStatement": 37,
      "seen": {
        "s:1:20:1:Infinity": 0,
        "s:2:13:2:Infinity": 1,
        "s:3:14:3:Infinity": 2,
        "f:5:16:5:48": 0,
        "b:6:2:6:Infinity:undefined:undefined:undefined:undefined": 0,
        "s:6:2:6:Infinity": 3,
        "s:6:43:6:Infinity": 4,
        "s:7:17:7:Infinity": 5,
        "b:8:2:10:Infinity:undefined:undefined:undefined:undefined": 1,
        "s:8:2:10:Infinity": 6,
        "b:8:6:8:25:8:25:8:43": 2,
        "s:9:4:9:Infinity": 7,
        "s:11:2:11:Infinity": 8,
        "f:14:16:14:31": 1,
        "b:15:2:17:Infinity:undefined:undefined:undefined:undefined": 3,
        "s:15:2:17:Infinity": 9,
        "s:16:4:16:Infinity": 10,
        "f:20:16:20:44": 2,
        "s:21:17:21:Infinity": 11,
        "b:22:2:22:Infinity:undefined:undefined:undefined:undefined": 4,
        "s:22:2:22:Infinity": 12,
        "s:22:14:22:Infinity": 13,
        "b:23:2:27:Infinity:undefined:undefined:undefined:undefined": 5,
        "s:23:2:27:Infinity": 14,
        "s:24:4:26:Infinity": 15,
        "b:25:8:25:Infinity:26:8:26:Infinity": 6,
        "s:28:2:28:Infinity": 16,
        "f:31:16:31:27": 3,
        "b:32:2:40:Infinity:undefined:undefined:undefined:undefined": 7,
        "s:32:2:40:Infinity": 17,
        "s:33:17:33:Infinity": 18,
        "b:34:4:38:Infinity:36:11:38:Infinity": 8,
        "s:34:4:38:Infinity": 19,
        "s:35:6:35:Infinity": 20,
        "s:37:6:37:Infinity": 21,
        "s:39:4:39:Infinity": 22,
        "f:43:16:43:36": 4,
        "b:44:2:50:Infinity:undefined:undefined:undefined:undefined": 9,
        "s:44:2:50:Infinity": 23,
        "s:45:20:47:Infinity": 24,
        "b:46:8:46:Infinity:47:8:47:Infinity": 10,
        "s:48:17:48:Infinity": 25,
        "b:48:36:48:44:48:44:48:Infinity": 11,
        "s:49:4:49:Infinity": 26,
        "f:53:16:53:42": 5,
        "s:54:2:54:Infinity": 27,
        "s:55:2:57:Infinity": 28,
        "f:55:48:55:54": 6,
        "s:56:4:56:Infinity": 29,
        "s:58:2:67:Infinity": 30,
        "f:58:47:58:53": 7,
        "s:59:23:59:Infinity": 31,
        "s:60:4:66:Infinity": 32,
        "f:60:23:60:24": 8,
        "s:61:24:61:Infinity": 33,
        "b:62:6:65:Infinity:undefined:undefined:undefined:undefined": 12,
        "s:62:6:65:Infinity": 34,
        "s:63:8:63:Infinity": 35,
        "s:64:8:64:Infinity": 36
      }
    }
  }
}
